<?xml version="1.0" encoding="UTF-8"?>
<!-- Generated by org.testng.reporters.JUnitReportReporter -->
<testsuite hostname="SIPL2016-03" failures="0" tests="3" name="com.sparsh.testcases.ZenInboxTests" time="18.612" errors="0" timestamp="2025-01-10T12:29:41 IST" skipped="0">
  <testcase classname="com.sparsh.testcases.ZenInboxTests" name="testLoginWithInvalidCredentials" time="11.301"/>
  <testcase classname="com.sparsh.testcases.ZenInboxTests" name="testLoginWithValidCredentials" time="3.831"/>
  <testcase classname="com.sparsh.testcases.ZenInboxTests" name="testLoginWithValidCredentials" time="3.480"/>
</testsuite> <!-- com.sparsh.testcases.ZenInboxTests -->
